  Buffer.cpp
  BufferPool.cpp
  ikcp.cpp
  Manager.cpp
  RWLock.cpp
  SocketHelper.cpp
  stdafx.cpp
  SysHelper.cpp
  TcpSocket.cpp
  UdpSocket.cpp
  WaitFor.cpp
  AudioCode.cpp
  MixIn.cpp
  MixOut.cpp
  AudioManager.cpp
  WaveIn.cpp
  WaveOut.cpp
  WavePlayback.cpp
  WaveRecord.cpp
  语音监听.cpp
     正在创建库 J:\window\Quick\主插件\x64\Release\语音监听.lib 和对象 J:\window\Quick\主插件\x64\Release\语音监听.exp
LINK : warning LNK4232: 名称 语音监听.dll 包含非 ASCII 字符，在具有除 936 以外的 ANSI 代码页的系统上可能不能加载 DLL
  正在生成代码
  已完成代码的生成
  语音监听.vcxproj -> J:\window\Quick\主插件\x64\Release\语音监听.dll
