信息	2025-05-24 22:29:20    程序BUG查询使用
警告	2025-05-24 22:29:20    日志进程PID 572   请勿关闭
信息	2025-05-24 22:29:20    CMainFrame::WriteandReadPlugins
信息	2025-05-24 22:29:20    CMainFrame::InitShellcode
信息	2025-05-24 22:29:20    CMainFrame::PreCreateWindow
信息	2025-05-24 22:29:20    CMainFrame::PreCreateWindow
信息	2025-05-24 22:29:20    CMainFrame::OnDockingPaneNotify
信息	2025-05-24 22:29:20    CMainFrame::OnDockingPaneNotify
信息	2025-05-24 22:29:20    CMainFrame::adddCXTPToolBar
信息	2025-05-24 22:29:20    初始化tip窗口
信息	2025-05-24 22:29:20    CMainFrame::OnDockingPaneNotify
信息	2025-05-24 22:29:20    CMainFrame::OnDockingPaneNotify
信息	2025-05-24 22:29:20    CMainFrame::Activate
信息	2025-05-24 22:29:20    CMainFrame::initializeSEU_QQwry
信息	2025-05-24 22:29:20    CQuickView::OnCreate
信息	2025-05-24 22:29:20    CMainFrame::OnDockingPaneNotify
信息	2025-05-24 22:29:20    CQuickView::OnSetFocus
信息	2025-05-24 22:29:20    通信初始化
信息	2025-05-24 22:29:22    CMainFrame::OnDockingPaneNotify
信息	2025-05-24 22:29:22    CMainFrame::OnDockingPaneNotify
信息	2025-05-24 22:29:22    CMainFrame::OnDockingPaneNotify
信息	2025-05-24 22:29:22    CMainFrame::OnDockingPaneNotify
信息	2025-05-24 22:29:22    CMainFrame::OnDockingPaneNotify
信息	2025-05-24 22:29:22    CMainFrame::OnDockingPaneNotify
信息	2025-05-24 22:29:22    CMainFrame::OnDockingPaneNotify
信息	2025-05-24 22:29:22    CMainFrame::OnDockingPaneNotify
信息	2025-05-24 22:29:22    CMainFrame::OnSysCommand
信息	2025-05-24 22:29:23    CMainFrame::OnDockingPaneNotify
信息	2025-05-24 22:29:28    CQuickView::OnSetFocus
信息	2025-05-24 22:29:28    CQuickView::OnSetFocus
信息	2025-05-24 22:29:56    CQuickView::OnSetFocus
信息	2025-05-24 22:29:56    CQuickView::OnSetFocus
信息	2025-05-24 22:29:56    CQuickView::OnSetFocus
信息	2025-05-24 22:29:57    CMainFrame::OnSysCommand
信息	2025-05-24 22:30:08    CQuickView::OnSetFocus
信息	2025-05-24 22:30:09    CMainFrame::OnDockingPaneNotify
信息	2025-05-24 22:30:09    CMainFrame::OnDockingPaneNotify
信息	2025-05-24 22:30:09    CMainFrame::OnDockingPaneNotify
信息	2025-05-24 22:30:09    CMainFrame::OnDockingPaneNotify
信息	2025-05-24 22:30:09    CMainFrame::OnDockingPaneNotify
信息	2025-05-24 22:30:12    CQuickView::OnSetFocus
信息	2025-05-24 22:30:12    CQuickView::OnSetFocus
信息	2025-05-24 22:30:12    CMainFrame::OnDockingPaneNotify
信息	2025-05-24 22:30:13    CMainFrame::OnDockingPaneNotify
信息	2025-05-24 22:30:15    CMainFrame::OnSysCommand
信息	2025-05-24 22:30:17    CMainFrame::OnDockingPaneNotify
信息	2025-05-24 22:30:20    CQuickView::OnSetFocus
信息	2025-05-24 22:30:20    CQuickView::OnSetFocus
信息	2025-05-24 22:30:21    CMainFrame::OnSysCommand
信息	2025-05-24 22:30:37    CQuickView::OnSetFocus
信息	2025-05-24 22:30:37    CQuickView::OnSetFocus
信息	2025-05-24 22:30:37    CMainFrame::OnSysCommand
信息	2025-05-24 22:30:39    CMainFrame::OnSysCommand
信息	2025-05-24 22:30:40    CQuickView::OnSetFocus
信息	2025-05-24 22:30:40    CQuickView::OnSetFocus
信息	2025-05-24 22:30:40    关闭提示窗口
信息	2025-05-24 22:30:40    关闭通信端口
信息	2025-05-24 22:30:40    保存窗口布局
信息	2025-05-24 22:30:40    关闭虚拟SDK
信息	2025-05-24 22:30:40    关闭日志 正常退出
